[debug] ----------------------------------------------------------------------
[debug] Command:      /Users/sam/.nvm/versions/node/v7.10.0/bin/node /Users/sam/.nvm/versions/node/v7.10.0/bin/firebase serve
[debug] CLI Version:  3.7.0
[debug] Platform:     darwin
[debug] Node Version: v7.10.0
[debug] Time:         Sun May 07 2017 13:44:16 GMT+1000 (AEST)
[debug] ----------------------------------------------------------------------
[debug] 
[debug] > command requires scopes: ["email","openid","https://www.googleapis.com/auth/cloudplatformprojects.readonly","https://www.googleapis.com/auth/firebase","https://www.googleapis.com/auth/cloud-platform"]
[debug] >>> HTTP REQUEST GET https://admin.firebase.com/v1/projects/polymer-intro-d9119  
 Sun May 07 2017 13:44:16 GMT+1000 (AEST)
[debug] <<< HTTP RESPONSE 200
[debug] >>> HTTP REQUEST GET https://admin.firebase.com/v1/database/polymer-intro-d9119/tokens  
 Sun May 07 2017 13:44:17 GMT+1000 (AEST)
[debug] <<< HTTP RESPONSE 200
[info] Starting Firebase development server...
[info] 
[info] Project Directory: /Users/sam/coding/polymer-intro
[debug] >>> HTTP REQUEST GET https://cloudresourcemanager.googleapis.com/v1/projects/polymer-intro-d9119  
 Sun May 07 2017 13:44:18 GMT+1000 (AEST)
[debug] <<< HTTP RESPONSE 200
[debug] >>> HTTP REQUEST GET https://mobilesdk-pa.googleapis.com/v1/projects/382573403189/clients/_:getWebAppConfig  
 Sun May 07 2017 13:44:21 GMT+1000 (AEST)
[debug] <<< HTTP RESPONSE 200
[info] Public Directory: public
[info] 
[info] Server listening at: http://localhost:5000
